<?xml version="1.0" encoding="UTF-8"?>
<testng-results ignored="0" total="1" passed="1" failed="0" skipped="0">
  <reporter-output>
  </reporter-output>
  <suite started-at="2022-06-17T16:12:31 WAT" name="Default suite" finished-at="2022-06-17T16:13:04 WAT" duration-ms="32990">
    <groups>
    </groups>
    <test started-at="2022-06-17T16:12:31 WAT" name="Default test" finished-at="2022-06-17T16:13:04 WAT" duration-ms="32990">
      <class name="testCases.TC_013">
        <test-method signature="login_TC_013()[pri:0, instance:testCases.TC_013@15c43bd9]" started-at="2022-06-17T16:12:32 WAT" name="login_TC_013" finished-at="2022-06-17T16:13:04 WAT" duration-ms="32946" status="PASS">
          <reporter-output>
          </reporter-output>
        </test-method> <!-- login_TC_013 -->
      </class> <!-- testCases.TC_013 -->
    </test> <!-- Default test -->
  </suite> <!-- Default suite -->
</testng-results>
